[ 2024-12-28 22:34:54,291 ] 160 numexpr.utils - INFO - NumExpr defaulting to 4 threads.
[ 2024-12-28 22:34:56,762 ] 26 root - INFO - Data Ingestion method starts
[ 2024-12-28 22:34:56,782 ] 30 root - INFO - Dataset read as pandas Dataframe
[ 2024-12-28 22:34:56,822 ] 35 root - INFO - Raw data is created
[ 2024-12-28 22:34:56,871 ] 42 root - INFO - Ingestion of Data is completed!
[ 2024-12-28 22:34:56,983 ] 75 root - INFO - Read train and test data completed
[ 2024-12-28 22:34:56,989 ] 76 root - INFO - Train Dataframe Head:
   Airline  Source  Destination  Total_Stops  Price  journey_day  journey_month  Dep_Time_hour  Dep_Time_minute  Arrival_Time_hour  Arrival_Time_minute  dur_hour  dur_min
0        4       4            3            0   8040           27              6             10               20                 11                   50         1       30
1        8       3            0            0   3873           21              6             17               10                 19                   40         2       30
2        6       2            1            1  13377           27              5             15                0                  1                   30        10       30
3        0       3            0            1   5192            9              5             22               40                 10                   40        12        0
4        1       2            1            2   9968            9              6             19               45                 19                   15        23       30
[ 2024-12-28 22:34:56,989 ] 77 root - INFO - Test Dataframe Head:
   Airline  Source  Destination  Total_Stops  Price  journey_day  journey_month  Dep_Time_hour  Dep_Time_minute  Arrival_Time_hour  Arrival_Time_minute  dur_hour  dur_min
0        6       2            1            2  16655           21              5             15                5                  1                   30        10       25
1        2       2            1            1   4959            3              6             10               35                 19                   35         9        0
2       10       3            0            1   9187            9              5             20               20                  9                    5        12       45
3        3       1            4            0   3858           24              5             14               45                 17                    5         2       20
4        4       2            1            1  12898           21              5             22               50                  4                   25         5       35
[ 2024-12-28 22:34:56,989 ] 79 root - INFO - Obtaining preprocessing object
[ 2024-12-28 22:34:56,989 ] 101 root - INFO - Applying preprocessing object on training and testing datasets.
[ 2024-12-28 22:34:56,989 ] 111 root - INFO - Preprocessor pickle file saved
