[ 2024-12-29 10:27:34,627 ] 160 numexpr.utils - INFO - NumExpr defaulting to 4 threads.
[ 2024-12-29 10:27:36,939 ] 17 root - INFO - Starting Data Ingestion...
[ 2024-12-29 10:27:36,939 ] 26 root - INFO - Data Ingestion method starts
[ 2024-12-29 10:27:36,954 ] 30 root - INFO - Dataset read as pandas Dataframe
[ 2024-12-29 10:27:36,997 ] 35 root - INFO - Raw data is created
[ 2024-12-29 10:27:37,047 ] 42 root - INFO - Ingestion of Data is completed!
[ 2024-12-29 10:27:37,048 ] 23 root - INFO - Starting Data Transformation...
[ 2024-12-29 10:27:37,097 ] 75 root - INFO - Read train and test data completed
[ 2024-12-29 10:27:37,112 ] 76 root - INFO - Train Dataframe Head:
   Airline  Source  Destination  Total_Stops  Price  journey_day  journey_month  Dep_Time_hour  Dep_Time_minute  Arrival_Time_hour  Arrival_Time_minute  dur_hour  dur_min
0        4       4            3            0   8040           27              6             10               20                 11                   50         1       30
1        8       3            0            0   3873           21              6             17               10                 19                   40         2       30
2        6       2            1            1  13377           27              5             15                0                  1                   30        10       30
3        0       3            0            1   5192            9              5             22               40                 10                   40        12        0
4        1       2            1            2   9968            9              6             19               45                 19                   15        23       30
[ 2024-12-29 10:27:37,115 ] 77 root - INFO - Test Dataframe Head:
   Airline  Source  Destination  Total_Stops  Price  journey_day  journey_month  Dep_Time_hour  Dep_Time_minute  Arrival_Time_hour  Arrival_Time_minute  dur_hour  dur_min
0        6       2            1            2  16655           21              5             15                5                  1                   30        10       25
1        2       2            1            1   4959            3              6             10               35                 19                   35         9        0
2       10       3            0            1   9187            9              5             20               20                  9                    5        12       45
3        3       1            4            0   3858           24              5             14               45                 17                    5         2       20
4        4       2            1            1  12898           21              5             22               50                  4                   25         5       35
[ 2024-12-29 10:27:37,115 ] 79 root - INFO - Obtaining preprocessing object
[ 2024-12-29 10:27:37,115 ] 28 root - INFO - Data Transformation initiated
[ 2024-12-29 10:27:37,115 ] 34 root - INFO - Pipeline Initiated
[ 2024-12-29 10:27:37,117 ] 101 root - INFO - Applying preprocessing object on training and testing datasets.
[ 2024-12-29 10:27:37,117 ] 111 root - INFO - Preprocessor pickle file saved
[ 2024-12-29 10:27:37,118 ] 30 root - INFO - Starting Model Training...
[ 2024-12-29 10:27:37,118 ] 35 root - INFO - saved the best model in the artifacts
[ 2024-12-29 10:27:37,118 ] 97 root - INFO - Loading train and test data...
[ 2024-12-29 10:27:37,134 ] 102 root - INFO - Splitting dependent and independent variables...
[ 2024-12-29 10:27:37,135 ] 117 root - INFO - Evaluating models...
[ 2024-12-29 10:27:40,057 ] 121 root - INFO - Model Report: {'KNeighborsRegressor': 0.41003481681705634, 'GradientBoostingRegressor': 0.6795405418593834, 'RandomForestRegressor': 0.9852054784187525, 'DecisionTree': 0.9899484526509299}
[ 2024-12-29 10:27:40,057 ] 129 root - INFO - Best Model Found: DecisionTree with R2 Score: 0.9899484526509299
[ 2024-12-29 10:27:40,058 ] 136 root - INFO - best model pkl  file saved
