[ 2024-12-31 08:33:12,313 ] 160 numexpr.utils - INFO - NumExpr defaulting to 4 threads.
[ 2024-12-31 08:33:12,322 ] 160 numexpr.utils - INFO - NumExpr defaulting to 4 threads.
[ 2024-12-31 08:33:12,419 ] 160 numexpr.utils - INFO - NumExpr defaulting to 4 threads.
[ 2024-12-31 08:33:14,951 ] 97 werkzeug - WARNING -  * Debugger is active!
[ 2024-12-31 08:33:14,951 ] 97 werkzeug - WARNING -  * Debugger is active!
[ 2024-12-31 08:33:14,955 ] 97 werkzeug - INFO -  * Debugger PIN: 668-754-183
[ 2024-12-31 08:33:14,955 ] 97 werkzeug - INFO -  * Debugger PIN: 668-754-183
[ 2024-12-31 08:33:15,152 ] 97 werkzeug - WARNING -  * Debugger is active!
[ 2024-12-31 08:33:15,157 ] 97 werkzeug - INFO -  * Debugger PIN: 668-754-183
[ 2024-12-31 08:33:15,395 ] 97 werkzeug - INFO -  * Detected change in 'c:\\internship\\flightpriceprediction\\api\\index.py', reloading
[ 2024-12-31 08:33:15,395 ] 97 werkzeug - INFO -  * Detected change in 'C:\\internship\\flightpriceprediction\\api\\index.py', reloading
[ 2024-12-31 08:33:15,395 ] 97 werkzeug - INFO -  * Detected change in 'c:\\internship\\flightpriceprediction\\api\\index.py', reloading
[ 2024-12-31 08:33:15,403 ] 97 werkzeug - INFO -  * Detected change in 'C:\\internship\\flightpriceprediction\\api\\index.py', reloading
[ 2024-12-31 08:33:15,403 ] 97 werkzeug - INFO -  * Detected change in 'c:\\internship\\flightpriceprediction\\api\\index.py', reloading
[ 2024-12-31 08:33:15,403 ] 97 werkzeug - INFO -  * Detected change in 'c:\\internship\\flightpriceprediction\\api\\index.py', reloading
[ 2024-12-31 08:33:15,404 ] 97 werkzeug - INFO -  * Detected change in 'C:\\internship\\flightpriceprediction\\api\\index.py', reloading
[ 2024-12-31 08:33:15,404 ] 97 werkzeug - INFO -  * Detected change in 'c:\\internship\\flightpriceprediction\\api\\index.py', reloading
[ 2024-12-31 08:33:15,405 ] 97 werkzeug - INFO -  * Detected change in 'C:\\internship\\flightpriceprediction\\api\\index.py', reloading
[ 2024-12-31 08:33:15,405 ] 97 werkzeug - INFO -  * Detected change in 'c:\\internship\\flightpriceprediction\\api\\index.py', reloading
[ 2024-12-31 08:33:15,405 ] 97 werkzeug - INFO -  * Detected change in 'C:\\internship\\flightpriceprediction\\api\\index.py', reloading
